Installing Apache HTTP 2.0 server with
 DomainName =    
 ServerName =    
 ServerAdmin =   
 ServerPort =    80
 ServerSslPort = 80
 ServerRoot =    D:/php/Apache2.2
Rewrote D:/php/Apache2.2/conf/original/extra/httpd-autoindex.conf.in
 to D:/php/Apache2.2/conf/original/extra/httpd-autoindex.conf
Successfully removed D:\php\Apache2.2\conf\original\extra\httpd-autoindex.conf.in
Rewrote D:/php/Apache2.2/conf/original/extra/httpd-vhosts.conf.in
 to D:/php/Apache2.2/conf/original/extra/httpd-vhosts.conf
Successfully removed D:\php\Apache2.2\conf\original\extra\httpd-vhosts.conf.in
Rewrote D:/php/Apache2.2/conf/original/extra/httpd-default.conf.in
 to D:/php/Apache2.2/conf/original/extra/httpd-default.conf
Successfully removed D:\php\Apache2.2\conf\original\extra\httpd-default.conf.in
Rewrote D:/php/Apache2.2/conf/original/extra/httpd-manual.conf.in
 to D:/php/Apache2.2/conf/original/extra/httpd-manual.conf
Successfully removed D:\php\Apache2.2\conf\original\extra\httpd-manual.conf.in
Rewrote D:/php/Apache2.2/conf/original/extra/httpd-mpm.conf.in
 to D:/php/Apache2.2/conf/original/extra/httpd-mpm.conf
Successfully removed D:\php\Apache2.2\conf\original\extra\httpd-mpm.conf.in
Rewrote D:/php/Apache2.2/conf/original/extra/httpd-info.conf.in
 to D:/php/Apache2.2/conf/original/extra/httpd-info.conf
Successfully removed D:\php\Apache2.2\conf\original\extra\httpd-info.conf.in
Rewrote D:/php/Apache2.2/conf/original/extra/httpd-dav.conf.in
 to D:/php/Apache2.2/conf/original/extra/httpd-dav.conf
Successfully removed D:\php\Apache2.2\conf\original\extra\httpd-dav.conf.in
Rewrote D:/php/Apache2.2/conf/original/extra/httpd-languages.conf.in
 to D:/php/Apache2.2/conf/original/extra/httpd-languages.conf
Successfully removed D:\php\Apache2.2\conf\original\extra\httpd-languages.conf.in
Rewrote D:/php/Apache2.2/conf/original/httpd.conf.in
 to D:/php/Apache2.2/conf/original/httpd.conf
Successfully removed D:\php\Apache2.2\conf\original\httpd.conf.in
Rewrote D:/php/Apache2.2/conf/original/extra/httpd-userdir.conf.in
 to D:/php/Apache2.2/conf/original/extra/httpd-userdir.conf
Successfully removed D:\php\Apache2.2\conf\original\extra\httpd-userdir.conf.in
Rewrote D:/php/Apache2.2/conf/original/extra/httpd-ssl.conf.in
 to D:/php/Apache2.2/conf/original/extra/httpd-ssl.conf
Successfully removed D:\php\Apache2.2\conf\original\extra\httpd-ssl.conf.in
Rewrote D:/php/Apache2.2/conf/original/extra/httpd-multilang-errordoc.conf.in
 to D:/php/Apache2.2/conf/original/extra/httpd-multilang-errordoc.conf
Successfully removed D:\php\Apache2.2\conf\original\extra\httpd-multilang-errordoc.conf.in
Existing file D:/php/Apache2.2/conf/magic preserved
Existing file D:/php/Apache2.2/conf/extra/httpd-autoindex.conf preserved
Existing file D:/php/Apache2.2/conf/extra/httpd-vhosts.conf preserved
Existing file D:/php/Apache2.2/conf/extra/httpd-default.conf preserved
Existing file D:/php/Apache2.2/conf/mime.types preserved
Existing file D:/php/Apache2.2/conf/charset.conv preserved
Existing file D:/php/Apache2.2/conf/extra/httpd-manual.conf preserved
Existing file D:/php/Apache2.2/conf/extra/httpd-mpm.conf preserved
Existing file D:/php/Apache2.2/conf/extra/httpd-info.conf preserved
Existing file D:/php/Apache2.2/conf/extra/httpd-dav.conf preserved
Existing file D:/php/Apache2.2/conf/extra/httpd-languages.conf preserved
Existing file D:/php/Apache2.2/conf/httpd.conf preserved
Existing file D:/php/Apache2.2/conf/extra/httpd-userdir.conf preserved
Existing file D:/php/Apache2.2/conf/extra/httpd-ssl.conf preserved
Existing file D:/php/Apache2.2/conf/extra/httpd-multilang-errordoc.conf preserved
Successfully removed D:\php\Apache2.2\conf\original\installwinconf.awk
